<?xml version="1.0" encoding="UTF-8"?>
<!-- Generated by org.testng.reporters.JUnitXMLReporter -->
<testsuite hostname="dell" ignored="0" name="Test" tests="6" failures="0" timestamp="2020-05-01T23:21:13 IST" time="39.141" errors="0">
  <testcase name="test4" time="21.105" classname="Sample.Day1"/>
  <testcase name="test1" time="3.42" classname="Sample.Day1"/>
  <testcase name="test0" time="4.249" classname="Sample.Day1"/>
  <testcase name="test2" time="3.497" classname="Sample.Day1"/>
  <testcase name="test" time="3.531" classname="Sample.Day1"/>
  <testcase name="test3" time="3.145" classname="Sample.Day1"/>
</testsuite> <!-- Test -->
